Base path: /Applications/Unity/Unity.app/Contents
Pipe name: \\.\pipe\UnityShaderCompiler-2--1333547008
Cmd: getPlatforms
Cmd: compileSnippet
  api=9 type=0 insize=5323 outsize=5422 kw=DIRECTIONAL SHADOWS_OFF LIGHTMAP_OFF DIRLIGHTMAP_OFF ok=1
Cmd: compileSnippet
  api=5 type=0 insize=5323 outsize=4672 kw=DIRECTIONAL SHADOWS_OFF LIGHTMAP_ON DIRLIGHTMAP_ON ok=1
Cmd: compileSnippet
  api=5 type=0 insize=5323 outsize=6098 kw=DIRECTIONAL SHADOWS_SCREEN LIGHTMAP_OFF DIRLIGHTMAP_OFF ok=1
Cmd: compileSnippet
  api=5 type=0 insize=5323 outsize=3395 kw=DIRECTIONAL SHADOWS_SCREEN LIGHTMAP_ON DIRLIGHTMAP_OFF ok=1
Cmd: compileSnippet
  api=9 type=0 insize=5323 outsize=3433 kw=DIRECTIONAL SHADOWS_SCREEN LIGHTMAP_ON DIRLIGHTMAP_OFF ok=1
Cmd: compileSnippet
  api=9 type=0 insize=5323 outsize=5518 kw=DIRECTIONAL SHADOWS_SCREEN LIGHTMAP_ON DIRLIGHTMAP_ON ok=1
Cmd: compileSnippet
  api=9 type=0 insize=5323 outsize=6559 kw=DIRECTIONAL SHADOWS_OFF LIGHTMAP_OFF DIRLIGHTMAP_OFF VERTEXLIGHT_ON ok=1
Cmd: compileSnippet
  api=9 type=0 insize=5323 outsize=7273 kw=DIRECTIONAL SHADOWS_SCREEN LIGHTMAP_OFF DIRLIGHTMAP_OFF VERTEXLIGHT_ON ok=1
Cmd: compileSnippet
  api=9 type=0 insize=5323 outsize=5978 kw=DIRECTIONAL SHADOWS_SCREEN SHADOWS_NATIVE LIGHTMAP_OFF DIRLIGHTMAP_OFF ok=1
Cmd: compileSnippet
  api=9 type=0 insize=5323 outsize=3273 kw=DIRECTIONAL SHADOWS_SCREEN SHADOWS_NATIVE LIGHTMAP_ON DIRLIGHTMAP_OFF ok=1
Cmd: compileSnippet
  api=9 type=0 insize=5323 outsize=5358 kw=DIRECTIONAL SHADOWS_SCREEN SHADOWS_NATIVE LIGHTMAP_ON DIRLIGHTMAP_ON ok=1
Cmd: compileSnippet
  api=9 type=0 insize=5323 outsize=7115 kw=DIRECTIONAL SHADOWS_SCREEN SHADOWS_NATIVE LIGHTMAP_OFF DIRLIGHTMAP_OFF VERTEXLIGHT_ON ok=1
Cmd: compileSnippet
  api=9 type=1 insize=5323 outsize=7 kw=DIRECTIONAL SHADOWS_OFF LIGHTMAP_OFF DIRLIGHTMAP_OFF ok=1
Cmd: compileSnippet
  api=9 type=1 insize=5323 outsize=7 kw=DIRECTIONAL SHADOWS_OFF LIGHTMAP_ON DIRLIGHTMAP_OFF ok=1
Cmd: compileSnippet
  api=9 type=1 insize=5323 outsize=7 kw=DIRECTIONAL SHADOWS_OFF LIGHTMAP_ON DIRLIGHTMAP_ON ok=1
Cmd: compileSnippet
  api=9 type=1 insize=5323 outsize=7 kw=DIRECTIONAL SHADOWS_SCREEN LIGHTMAP_OFF DIRLIGHTMAP_OFF ok=1
Cmd: compileSnippet
  api=9 type=1 insize=5323 outsize=7 kw=DIRECTIONAL SHADOWS_SCREEN LIGHTMAP_ON DIRLIGHTMAP_OFF ok=1
Cmd: compileSnippet
  api=9 type=1 insize=5323 outsize=7 kw=DIRECTIONAL SHADOWS_SCREEN LIGHTMAP_ON DIRLIGHTMAP_ON ok=1
Cmd: compileSnippet
  api=9 type=0 insize=3020 outsize=3865 kw=POINT ok=1
Cmd: compileSnippet
  api=9 type=0 insize=3020 outsize=3350 kw=DIRECTIONAL ok=1
Cmd: compileSnippet
  api=9 type=0 insize=3020 outsize=4052 kw=SPOT ok=1
Cmd: compileSnippet
  api=9 type=0 insize=3020 outsize=3954 kw=POINT_COOKIE ok=1
Cmd: compileSnippet
  api=9 type=0 insize=3020 outsize=3685 kw=DIRECTIONAL_COOKIE ok=1
Cmd: compileSnippet
  api=9 type=1 insize=3020 outsize=7 kw=POINT ok=1
Cmd: compileSnippet
  api=9 type=1 insize=3020 outsize=7 kw=DIRECTIONAL ok=1
Cmd: compileSnippet
  api=5 type=1 insize=3020 outsize=6 kw=SPOT ok=1
Cmd: compileSnippet
  api=5 type=1 insize=3020 outsize=6 kw=POINT_COOKIE ok=1
Cmd: compileSnippet
  api=9 type=1 insize=3020 outsize=7 kw=DIRECTIONAL_COOKIE ok=1
Cmd: compileSnippet
  api=9 type=0 insize=2862 outsize=2452 kw= ok=1
Cmd: compileSnippet
  api=9 type=1 insize=2862 outsize=7 kw= ok=1
Cmd: compileSnippet
  api=9 type=0 insize=4908 outsize=5306 kw=LIGHTMAP_OFF DIRLIGHTMAP_OFF HDR_LIGHT_PREPASS_OFF ok=1
Cmd: compileSnippet
  api=9 type=0 insize=4908 outsize=4926 kw=LIGHTMAP_ON DIRLIGHTMAP_OFF HDR_LIGHT_PREPASS_OFF ok=1
Cmd: compileSnippet
  api=5 type=0 insize=4908 outsize=5418 kw=LIGHTMAP_ON DIRLIGHTMAP_ON HDR_LIGHT_PREPASS_OFF ok=1
Cmd: compileSnippet
  api=5 type=0 insize=4908 outsize=5250 kw=LIGHTMAP_OFF DIRLIGHTMAP_OFF HDR_LIGHT_PREPASS_ON ok=1
Cmd: compileSnippet
  api=5 type=0 insize=4908 outsize=4890 kw=LIGHTMAP_ON DIRLIGHTMAP_OFF HDR_LIGHT_PREPASS_ON ok=1
Cmd: compileSnippet
  api=9 type=0 insize=4908 outsize=5445 kw=LIGHTMAP_ON DIRLIGHTMAP_ON HDR_LIGHT_PREPASS_ON ok=1
Cmd: compileSnippet
  api=9 type=1 insize=4908 outsize=7 kw=LIGHTMAP_OFF DIRLIGHTMAP_OFF HDR_LIGHT_PREPASS_OFF ok=1
Cmd: compileSnippet
  api=5 type=1 insize=4908 outsize=6 kw=LIGHTMAP_ON DIRLIGHTMAP_OFF HDR_LIGHT_PREPASS_OFF ok=1
Cmd: compileSnippet
  api=5 type=1 insize=4908 outsize=6 kw=LIGHTMAP_ON DIRLIGHTMAP_ON HDR_LIGHT_PREPASS_OFF ok=1
Cmd: compileSnippet
  api=5 type=1 insize=4908 outsize=6 kw=LIGHTMAP_OFF DIRLIGHTMAP_OFF HDR_LIGHT_PREPASS_ON ok=1
Cmd: compileSnippet
  api=5 type=1 insize=4908 outsize=6 kw=LIGHTMAP_ON DIRLIGHTMAP_OFF HDR_LIGHT_PREPASS_ON ok=1
Cmd: compileSnippet
  api=5 type=1 insize=4908 outsize=6 kw=LIGHTMAP_ON DIRLIGHTMAP_ON HDR_LIGHT_PREPASS_ON ok=1
End of pipe

Quitting shader compiler process
